2025-01-26 14:53:26 - INFO - Flask application is starting
2025-01-26 14:53:26 - WARNING - This is a warning
2025-01-26 14:53:26 - ERROR - An error occurred while processing
2025-01-26 14:53:26 - INFO - Flask application is starting
2025-01-26 14:53:26 - WARNING - This is a warning
2025-01-26 14:53:26 - ERROR - An error occurred while processing
2025-01-26 14:54:45 - INFO - Flask application is starting
2025-01-26 14:54:45 - WARNING - This is a warning
2025-01-26 14:54:45 - ERROR - An error occurred while processing
2025-01-26 14:54:45 - INFO - Flask application is starting
2025-01-26 14:54:45 - WARNING - This is a warning
2025-01-26 14:54:45 - ERROR - An error occurred while processing
2025-01-26 14:54:45 - INFO - Flask application is starting
2025-01-26 14:54:45 - WARNING - This is a warning
2025-01-26 14:54:45 - ERROR - An error occurred while processing
2025-01-26 14:55:11 - INFO - Flask application is starting
2025-01-26 14:55:11 - WARNING - This is a warning
2025-01-26 14:55:11 - ERROR - An error occurred while processing
2025-01-26 14:55:11 - INFO - Flask application is starting
2025-01-26 14:55:11 - WARNING - This is a warning
2025-01-26 14:55:11 - ERROR - An error occurred while processing
2025-01-26 14:55:11 - INFO - Flask application is starting
2025-01-26 14:55:11 - WARNING - This is a warning
2025-01-26 14:55:11 - ERROR - An error occurred while processing
2025-01-26 14:59:45 - INFO - Flask application is starting
2025-01-26 14:59:45 - WARNING - This is a warning
2025-01-26 14:59:45 - ERROR - An error occurred while processing
2025-01-26 14:59:45 - INFO - Flask application is starting
2025-01-26 14:59:45 - WARNING - This is a warning
2025-01-26 14:59:45 - ERROR - An error occurred while processing
2025-01-26 14:59:45 - INFO - Flask application is starting
2025-01-26 14:59:45 - WARNING - This is a warning
2025-01-26 14:59:45 - ERROR - An error occurred while processing
2025-01-26 14:59:45 - INFO - [31m[1mWARNING: This is a development server. Do not use it in a production deployment. Use a production WSGI server instead.[0m
 * Running on http://127.0.0.1:5000
2025-01-26 14:59:45 - INFO - [33mPress CTRL+C to quit[0m
2025-01-26 14:59:45 - INFO -  * Restarting with stat
2025-01-26 14:59:45 - INFO - Flask application is starting
2025-01-26 14:59:45 - WARNING - This is a warning
2025-01-26 14:59:45 - ERROR - An error occurred while processing
2025-01-26 14:59:45 - INFO - Flask application is starting
2025-01-26 14:59:45 - WARNING - This is a warning
2025-01-26 14:59:45 - ERROR - An error occurred while processing
2025-01-26 14:59:45 - INFO - Flask application is starting
2025-01-26 14:59:45 - WARNING - This is a warning
2025-01-26 14:59:45 - ERROR - An error occurred while processing
2025-01-26 14:59:45 - WARNING -  * Debugger is active!
2025-01-26 14:59:45 - INFO -  * Debugger PIN: 958-854-436
2025-01-26 15:23:18 - INFO -  * Detected change in 'C:\\Users\\ran29\\OneDrive\\\u05de\u05e1\u05de\u05db\u05d9\u05dd\\p2libraryJB\\backend\\app\\logger.py', reloading
2025-01-26 15:23:18 - INFO -  * Restarting with stat
2025-01-26 15:23:19 - INFO - Flask application is starting
2025-01-26 15:23:19 - WARNING - This is a warning
2025-01-26 15:23:19 - ERROR - An error occurred while processing
2025-01-26 15:23:19 - INFO - Flask application is starting
2025-01-26 15:23:19 - WARNING - This is a warning
2025-01-26 15:23:19 - ERROR - An error occurred while processing
2025-01-26 15:23:19 - INFO - Flask application is starting
2025-01-26 15:23:19 - WARNING - This is a warning
2025-01-26 15:23:19 - ERROR - An error occurred while processing
2025-01-26 15:23:19 - WARNING -  * Debugger is active!
2025-01-26 15:23:19 - INFO -  * Debugger PIN: 958-854-436
2025-01-26 15:23:59 - INFO - Flask application is starting
2025-01-26 15:23:59 - WARNING - This is a warning
2025-01-26 15:23:59 - ERROR - An error occurred while processing
2025-01-26 15:23:59 - INFO - Flask application is starting
2025-01-26 15:23:59 - WARNING - This is a warning
2025-01-26 15:23:59 - ERROR - An error occurred while processing
2025-01-26 15:23:59 - INFO - Flask application is starting
2025-01-26 15:23:59 - WARNING - This is a warning
2025-01-26 15:23:59 - ERROR - An error occurred while processing
2025-01-26 15:23:59 - INFO - [31m[1mWARNING: This is a development server. Do not use it in a production deployment. Use a production WSGI server instead.[0m
 * Running on http://127.0.0.1:5000
2025-01-26 15:23:59 - INFO - [33mPress CTRL+C to quit[0m
2025-01-26 15:23:59 - INFO -  * Restarting with stat
2025-01-26 15:23:59 - INFO - Flask application is starting
2025-01-26 15:23:59 - WARNING - This is a warning
2025-01-26 15:23:59 - ERROR - An error occurred while processing
2025-01-26 15:23:59 - INFO - Flask application is starting
2025-01-26 15:23:59 - WARNING - This is a warning
2025-01-26 15:23:59 - ERROR - An error occurred while processing
2025-01-26 15:23:59 - INFO - Flask application is starting
2025-01-26 15:23:59 - WARNING - This is a warning
2025-01-26 15:23:59 - ERROR - An error occurred while processing
2025-01-26 15:24:00 - WARNING -  * Debugger is active!
2025-01-26 15:24:00 - INFO -  * Debugger PIN: 958-854-436
2025-01-26 15:25:30 - INFO -  * Detected change in 'C:\\Users\\ran29\\OneDrive\\\u05de\u05e1\u05de\u05db\u05d9\u05dd\\p2libraryJB\\backend\\app.py', reloading
2025-01-26 15:25:30 - INFO -  * Restarting with stat
2025-01-26 15:25:31 - INFO - Flask application is starting
2025-01-26 15:25:31 - WARNING - This is a warning
2025-01-26 15:25:31 - ERROR - An error occurred while processing
2025-01-26 15:25:31 - INFO - Flask application is starting
2025-01-26 15:25:31 - WARNING - This is a warning
2025-01-26 15:25:31 - ERROR - An error occurred while processing
2025-01-26 15:25:31 - INFO - Flask application is starting
2025-01-26 15:25:31 - WARNING - This is a warning
2025-01-26 15:25:31 - ERROR - An error occurred while processing
2025-01-26 15:25:31 - WARNING -  * Debugger is active!
2025-01-26 15:25:31 - INFO -  * Debugger PIN: 958-854-436
2025-01-26 15:25:39 - INFO - Flask application is starting
2025-01-26 15:25:39 - WARNING - This is a warning
2025-01-26 15:25:39 - ERROR - An error occurred while processing
2025-01-26 15:25:39 - INFO - Flask application is starting
2025-01-26 15:25:39 - WARNING - This is a warning
2025-01-26 15:25:39 - ERROR - An error occurred while processing
2025-01-26 15:25:39 - INFO - Flask application is starting
2025-01-26 15:25:39 - WARNING - This is a warning
2025-01-26 15:25:39 - ERROR - An error occurred while processing
2025-01-26 15:26:44 - INFO - Flask application is starting
2025-01-26 15:26:44 - WARNING - This is a warning
2025-01-26 15:26:44 - ERROR - An error occurred while processing
2025-01-26 15:26:44 - INFO - Flask application is starting
2025-01-26 15:26:44 - WARNING - This is a warning
2025-01-26 15:26:44 - ERROR - An error occurred while processing
2025-01-26 15:26:44 - INFO - Flask application is starting
2025-01-26 15:26:44 - WARNING - This is a warning
2025-01-26 15:26:44 - ERROR - An error occurred while processing
2025-01-26 15:26:44 - INFO - [31m[1mWARNING: This is a development server. Do not use it in a production deployment. Use a production WSGI server instead.[0m
 * Running on http://127.0.0.1:5000
2025-01-26 15:26:44 - INFO - [33mPress CTRL+C to quit[0m
2025-01-26 15:26:44 - INFO -  * Restarting with stat
2025-01-26 15:26:45 - INFO - Flask application is starting
2025-01-26 15:26:45 - WARNING - This is a warning
2025-01-26 15:26:45 - ERROR - An error occurred while processing
2025-01-26 15:26:45 - INFO - Flask application is starting
2025-01-26 15:26:45 - WARNING - This is a warning
2025-01-26 15:26:45 - ERROR - An error occurred while processing
2025-01-26 15:26:45 - INFO - Flask application is starting
2025-01-26 15:26:45 - WARNING - This is a warning
2025-01-26 15:26:45 - ERROR - An error occurred while processing
2025-01-26 15:26:45 - WARNING -  * Debugger is active!
2025-01-26 15:26:45 - INFO -  * Debugger PIN: 958-854-436
2025-01-26 15:27:38 - INFO -  * Detected change in 'C:\\Users\\ran29\\OneDrive\\\u05de\u05e1\u05de\u05db\u05d9\u05dd\\p2libraryJB\\backend\\app\\logger.py', reloading
2025-01-26 15:27:38 - INFO -  * Restarting with stat
2025-01-26 15:27:39 - INFO - Flask application is starting
2025-01-26 15:27:39 - WARNING - This is a warning
2025-01-26 15:27:39 - ERROR - An error occurred while processing
2025-01-26 15:27:39 - INFO - Flask application is starting
2025-01-26 15:27:39 - WARNING - This is a warning
2025-01-26 15:27:39 - ERROR - An error occurred while processing
2025-01-26 15:27:39 - INFO - Flask application is starting
2025-01-26 15:27:39 - WARNING - This is a warning
2025-01-26 15:27:39 - ERROR - An error occurred while processing
2025-01-26 15:27:39 - WARNING -  * Debugger is active!
2025-01-26 15:27:39 - INFO -  * Debugger PIN: 958-854-436
2025-01-26 15:28:23 - INFO -  * Detected change in 'C:\\Users\\ran29\\OneDrive\\\u05de\u05e1\u05de\u05db\u05d9\u05dd\\p2libraryJB\\backend\\app.py', reloading
2025-01-26 15:28:23 - INFO -  * Restarting with stat
2025-01-26 15:28:29 - INFO - Flask application is starting
2025-01-26 15:28:29 - WARNING - This is a warning
2025-01-26 15:28:29 - ERROR - An error occurred while processing
2025-01-26 15:28:29 - INFO - Flask application is starting
2025-01-26 15:28:29 - WARNING - This is a warning
2025-01-26 15:28:29 - ERROR - An error occurred while processing
2025-01-26 15:28:29 - INFO - Flask application is starting
2025-01-26 15:28:29 - WARNING - This is a warning
2025-01-26 15:28:29 - ERROR - An error occurred while processing
2025-01-26 15:28:29 - INFO - Starting Flask application
2025-01-26 15:28:29 - INFO - [31m[1mWARNING: This is a development server. Do not use it in a production deployment. Use a production WSGI server instead.[0m
 * Running on http://127.0.0.1:5000
2025-01-26 15:28:29 - INFO - [33mPress CTRL+C to quit[0m
2025-01-26 15:28:29 - INFO -  * Restarting with stat
2025-01-26 15:28:30 - INFO - Flask application is starting
2025-01-26 15:28:30 - WARNING - This is a warning
2025-01-26 15:28:30 - ERROR - An error occurred while processing
2025-01-26 15:28:30 - INFO - Flask application is starting
2025-01-26 15:28:30 - WARNING - This is a warning
2025-01-26 15:28:30 - ERROR - An error occurred while processing
2025-01-26 15:28:30 - INFO - Flask application is starting
2025-01-26 15:28:30 - WARNING - This is a warning
2025-01-26 15:28:30 - ERROR - An error occurred while processing
2025-01-26 15:28:30 - INFO - Starting Flask application
2025-01-26 15:28:30 - WARNING -  * Debugger is active!
2025-01-26 15:28:30 - INFO -  * Debugger PIN: 958-854-436
2025-01-26 15:29:47 - INFO -  * Detected change in 'C:\\Users\\ran29\\OneDrive\\\u05de\u05e1\u05de\u05db\u05d9\u05dd\\p2libraryJB\\backend\\app.py', reloading
2025-01-26 15:29:47 - INFO -  * Restarting with stat
2025-01-26 15:29:49 - INFO - Flask application is starting
2025-01-26 15:29:49 - WARNING - This is a warning
2025-01-26 15:29:49 - ERROR - An error occurred while processing
2025-01-26 15:29:49 - INFO - Flask application is starting
2025-01-26 15:29:49 - WARNING - This is a warning
2025-01-26 15:29:49 - ERROR - An error occurred while processing
2025-01-26 15:29:49 - INFO - Flask application is starting
2025-01-26 15:29:49 - WARNING - This is a warning
2025-01-26 15:29:49 - ERROR - An error occurred while processing
2025-01-26 15:29:49 - INFO - Starting Flask application
2025-01-26 15:29:49 - WARNING -  * Debugger is active!
2025-01-26 15:29:49 - INFO -  * Debugger PIN: 958-854-436
2025-01-26 15:29:53 - INFO -  * Detected change in 'C:\\Users\\ran29\\OneDrive\\\u05de\u05e1\u05de\u05db\u05d9\u05dd\\p2libraryJB\\backend\\app.py', reloading
2025-01-26 15:29:53 - INFO -  * Restarting with stat
2025-01-26 15:29:54 - INFO - Flask application is starting
2025-01-26 15:29:54 - WARNING - This is a warning
2025-01-26 15:29:54 - ERROR - An error occurred while processing
2025-01-26 15:29:54 - INFO - Flask application is starting
2025-01-26 15:29:54 - WARNING - This is a warning
2025-01-26 15:29:54 - ERROR - An error occurred while processing
2025-01-26 15:37:07 - INFO - Flask application is starting
2025-01-26 15:37:07 - WARNING - This is a warning
2025-01-26 15:37:07 - ERROR - An error occurred while processing
2025-01-26 15:37:07 - INFO - Flask application is starting
2025-01-26 15:37:07 - WARNING - This is a warning
2025-01-26 15:37:07 - ERROR - An error occurred while processing
2025-01-26 15:37:07 - INFO - Flask application is starting
2025-01-26 15:37:07 - WARNING - This is a warning
2025-01-26 15:37:07 - ERROR - An error occurred while processing
2025-01-26 15:39:02 - INFO - Flask application is starting
2025-01-26 15:39:02 - WARNING - This is a warning
2025-01-26 15:39:02 - ERROR - An error occurred while processing
2025-01-26 15:39:02 - INFO - Flask application is starting
2025-01-26 15:39:02 - WARNING - This is a warning
2025-01-26 15:39:02 - ERROR - An error occurred while processing
2025-01-26 15:39:02 - INFO - Flask application is starting
2025-01-26 15:39:02 - WARNING - This is a warning
2025-01-26 15:39:02 - ERROR - An error occurred while processing
2025-01-26 15:39:17 - INFO - Flask application is starting
2025-01-26 15:39:17 - WARNING - This is a warning
2025-01-26 15:39:17 - ERROR - An error occurred while processing
2025-01-26 15:39:17 - INFO - Flask application is starting
2025-01-26 15:39:17 - WARNING - This is a warning
2025-01-26 15:39:17 - ERROR - An error occurred while processing
2025-01-26 15:39:17 - INFO - Flask application is starting
2025-01-26 15:39:17 - WARNING - This is a warning
2025-01-26 15:39:17 - ERROR - An error occurred while processing
2025-01-26 15:41:04 - INFO - Flask application is starting
2025-01-26 15:41:04 - WARNING - This is a warning
2025-01-26 15:41:04 - ERROR - An error occurred while processing
2025-01-26 15:41:04 - INFO - Flask application is starting
2025-01-26 15:41:04 - WARNING - This is a warning
2025-01-26 15:41:04 - ERROR - An error occurred while processing
2025-01-26 15:41:04 - INFO - Flask application is starting
2025-01-26 15:41:04 - WARNING - This is a warning
2025-01-26 15:41:04 - ERROR - An error occurred while processing
2025-01-26 15:41:04 - INFO - Starting Flask application
2025-01-26 15:41:04 - INFO - [31m[1mWARNING: This is a development server. Do not use it in a production deployment. Use a production WSGI server instead.[0m
 * Running on http://127.0.0.1:5000
2025-01-26 15:41:04 - INFO - [33mPress CTRL+C to quit[0m
2025-01-26 15:41:04 - INFO -  * Restarting with stat
2025-01-26 15:41:05 - INFO - Flask application is starting
2025-01-26 15:41:05 - WARNING - This is a warning
2025-01-26 15:41:05 - ERROR - An error occurred while processing
2025-01-26 15:41:05 - INFO - Flask application is starting
2025-01-26 15:41:05 - WARNING - This is a warning
2025-01-26 15:41:05 - ERROR - An error occurred while processing
2025-01-26 15:41:05 - INFO - Flask application is starting
2025-01-26 15:41:05 - WARNING - This is a warning
2025-01-26 15:41:05 - ERROR - An error occurred while processing
2025-01-26 15:41:05 - INFO - Starting Flask application
2025-01-26 15:41:05 - WARNING -  * Debugger is active!
2025-01-26 15:41:05 - INFO -  * Debugger PIN: 958-854-436
2025-01-26 15:42:04 - INFO -  * Detected change in 'C:\\Users\\ran29\\OneDrive\\\u05de\u05e1\u05de\u05db\u05d9\u05dd\\p2libraryJB\\backend\\app\\logger.py', reloading
2025-01-26 15:42:04 - INFO -  * Restarting with stat
2025-01-26 15:42:05 - INFO - Flask application is starting
2025-01-26 15:42:05 - WARNING - This is a warning
2025-01-26 15:42:05 - ERROR - An error occurred while processing
2025-01-26 15:42:05 - INFO - Flask application is starting
2025-01-26 15:42:05 - WARNING - This is a warning
2025-01-26 15:42:05 - ERROR - An error occurred while processing
2025-01-26 15:42:05 - INFO - Flask application is starting
2025-01-26 15:42:05 - WARNING - This is a warning
2025-01-26 15:42:05 - ERROR - An error occurred while processing
2025-01-26 15:42:05 - INFO - Starting Flask application
2025-01-26 15:42:05 - WARNING -  * Debugger is active!
2025-01-26 15:42:05 - INFO -  * Debugger PIN: 958-854-436
2025-01-26 15:42:33 - INFO -  * Detected change in 'C:\\Users\\ran29\\OneDrive\\\u05de\u05e1\u05de\u05db\u05d9\u05dd\\p2libraryJB\\backend\\app.py', reloading
2025-01-26 15:42:33 - INFO -  * Restarting with stat
2025-01-26 15:42:34 - INFO - Flask application is starting
2025-01-26 15:42:34 - WARNING - This is a warning
2025-01-26 15:42:34 - ERROR - An error occurred while processing
2025-01-26 15:42:34 - INFO - Flask application is starting
2025-01-26 15:42:34 - WARNING - This is a warning
2025-01-26 15:42:34 - ERROR - An error occurred while processing
2025-01-26 15:42:34 - INFO - Flask application is starting
2025-01-26 15:42:34 - WARNING - This is a warning
2025-01-26 15:42:34 - ERROR - An error occurred while processing
2025-01-26 15:42:34 - INFO - Starting Flask application
2025-01-26 15:42:34 - WARNING -  * Debugger is active!
2025-01-26 15:42:34 - INFO -  * Debugger PIN: 958-854-436
2025-01-26 15:46:25 - INFO - Flask application is starting
2025-01-26 15:46:25 - WARNING - This is a warning
2025-01-26 15:46:25 - ERROR - An error occurred while processing
2025-01-26 15:46:25 - INFO - Flask application is starting
2025-01-26 15:46:25 - WARNING - This is a warning
2025-01-26 15:46:25 - ERROR - An error occurred while processing
2025-01-26 15:46:25 - INFO - Flask application is starting
2025-01-26 15:46:25 - WARNING - This is a warning
2025-01-26 15:46:25 - ERROR - An error occurred while processing
2025-01-26 15:46:25 - INFO - Starting Flask application
2025-01-26 15:46:25 - INFO - [31m[1mWARNING: This is a development server. Do not use it in a production deployment. Use a production WSGI server instead.[0m
 * Running on http://127.0.0.1:5000
2025-01-26 15:46:25 - INFO - [33mPress CTRL+C to quit[0m
2025-01-26 17:13:11 - INFO - Flask application is starting
2025-01-26 17:13:11 - WARNING - This is a warning
2025-01-26 17:13:11 - ERROR - An error occurred while processing
2025-01-26 17:13:11 - INFO - Flask application is starting
2025-01-26 17:13:11 - WARNING - This is a warning
2025-01-26 17:13:11 - ERROR - An error occurred while processing
2025-01-26 17:13:11 - INFO - Flask application is starting
2025-01-26 17:13:11 - WARNING - This is a warning
2025-01-26 17:13:11 - ERROR - An error occurred while processing
2025-01-26 17:13:11 - INFO - Starting Flask application
2025-01-26 17:13:11 - INFO - [31m[1mWARNING: This is a development server. Do not use it in a production deployment. Use a production WSGI server instead.[0m
 * Running on http://127.0.0.1:5000
2025-01-26 17:13:11 - INFO - [33mPress CTRL+C to quit[0m
2025-01-26 17:27:09 - INFO - Flask application is starting
2025-01-26 17:27:09 - WARNING - This is a warning
2025-01-26 17:27:09 - ERROR - An error occurred while processing
2025-01-26 17:27:09 - INFO - Flask application is starting
2025-01-26 17:27:09 - WARNING - This is a warning
2025-01-26 17:27:09 - ERROR - An error occurred while processing
2025-01-26 17:27:09 - INFO - Flask application is starting
2025-01-26 17:27:09 - WARNING - This is a warning
2025-01-26 17:27:09 - ERROR - An error occurred while processing
2025-01-26 17:27:09 - INFO - Starting Flask application
2025-01-26 17:27:09 - INFO - [31m[1mWARNING: This is a development server. Do not use it in a production deployment. Use a production WSGI server instead.[0m
 * Running on http://127.0.0.1:5000
2025-01-26 17:27:09 - INFO - [33mPress CTRL+C to quit[0m
2025-01-26 18:08:32 - INFO - Flask application is starting
2025-01-26 18:08:32 - WARNING - This is a warning
2025-01-26 18:08:32 - ERROR - An error occurred while processing
2025-01-26 18:08:32 - INFO - Flask application is starting
2025-01-26 18:08:32 - WARNING - This is a warning
2025-01-26 18:08:32 - ERROR - An error occurred while processing
2025-01-26 18:08:32 - INFO - Flask application is starting
2025-01-26 18:08:32 - WARNING - This is a warning
2025-01-26 18:08:32 - ERROR - An error occurred while processing
2025-01-26 18:08:32 - INFO - Starting Flask application
2025-01-26 18:08:32 - INFO - [31m[1mWARNING: This is a development server. Do not use it in a production deployment. Use a production WSGI server instead.[0m
 * Running on http://127.0.0.1:5000
2025-01-26 18:08:32 - INFO - [33mPress CTRL+C to quit[0m
2025-01-26 18:41:11 - INFO - Flask application is starting
2025-01-26 18:41:12 - WARNING - This is a warning
2025-01-26 18:41:12 - ERROR - An error occurred while processing
2025-01-26 18:41:12 - INFO - Flask application is starting
2025-01-26 18:41:12 - WARNING - This is a warning
2025-01-26 18:41:12 - ERROR - An error occurred while processing
2025-01-26 18:41:12 - INFO - Flask application is starting
2025-01-26 18:41:12 - WARNING - This is a warning
2025-01-26 18:41:12 - ERROR - An error occurred while processing
2025-01-26 18:41:12 - INFO - Starting Flask application
2025-01-26 18:41:12 - INFO - [31m[1mWARNING: This is a development server. Do not use it in a production deployment. Use a production WSGI server instead.[0m
 * Running on http://127.0.0.1:5000
2025-01-26 18:41:12 - INFO - [33mPress CTRL+C to quit[0m
2025-01-26 18:50:53 - INFO - Flask application is starting
2025-01-26 18:50:53 - WARNING - This is a warning
2025-01-26 18:50:53 - ERROR - An error occurred while processing
2025-01-26 18:50:53 - INFO - Flask application is starting
2025-01-26 18:50:53 - WARNING - This is a warning
2025-01-26 18:50:53 - ERROR - An error occurred while processing
2025-01-26 18:51:58 - INFO - Flask application is starting
2025-01-26 18:51:58 - WARNING - This is a warning
2025-01-26 18:51:58 - ERROR - An error occurred while processing
2025-01-26 18:51:58 - INFO - Flask application is starting
2025-01-26 18:51:58 - WARNING - This is a warning
2025-01-26 18:51:58 - ERROR - An error occurred while processing
2025-01-26 18:54:59 - INFO - Flask application is starting
2025-01-26 18:54:59 - WARNING - This is a warning
2025-01-26 18:54:59 - ERROR - An error occurred while processing
2025-01-26 18:54:59 - INFO - Flask application is starting
2025-01-26 18:54:59 - WARNING - This is a warning
2025-01-26 18:54:59 - ERROR - An error occurred while processing
2025-01-26 18:55:30 - INFO - Flask application is starting
2025-01-26 18:55:30 - WARNING - This is a warning
2025-01-26 18:55:30 - ERROR - An error occurred while processing
2025-01-26 18:55:30 - INFO - Flask application is starting
2025-01-26 18:55:30 - WARNING - This is a warning
2025-01-26 18:55:30 - ERROR - An error occurred while processing
2025-01-26 19:02:59 - INFO - Flask application is starting
2025-01-26 19:02:59 - WARNING - This is a warning
2025-01-26 19:02:59 - ERROR - An error occurred while processing
2025-01-26 19:02:59 - INFO - Flask application is starting
2025-01-26 19:02:59 - WARNING - This is a warning
2025-01-26 19:02:59 - ERROR - An error occurred while processing
2025-01-26 19:03:54 - INFO - Flask application is starting
2025-01-26 19:03:54 - WARNING - This is a warning
2025-01-26 19:03:54 - ERROR - An error occurred while processing
2025-01-26 19:03:54 - INFO - Flask application is starting
2025-01-26 19:03:54 - WARNING - This is a warning
2025-01-26 19:03:54 - ERROR - An error occurred while processing
2025-01-26 19:19:02 - INFO - Flask application is starting
2025-01-26 19:19:02 - WARNING - This is a warning
2025-01-26 19:19:02 - ERROR - An error occurred while processing
2025-01-26 19:19:02 - INFO - Flask application is starting
2025-01-26 19:19:02 - WARNING - This is a warning
2025-01-26 19:19:02 - ERROR - An error occurred while processing
2025-01-26 19:19:50 - INFO - Flask application is starting
2025-01-26 19:19:50 - WARNING - This is a warning
2025-01-26 19:19:50 - ERROR - An error occurred while processing
2025-01-26 19:19:50 - INFO - Flask application is starting
2025-01-26 19:19:50 - WARNING - This is a warning
2025-01-26 19:19:50 - ERROR - An error occurred while processing
2025-01-26 19:38:16 - INFO - Flask application is starting
2025-01-26 19:38:16 - WARNING - This is a warning
2025-01-26 19:38:16 - ERROR - An error occurred while processing
2025-01-26 19:38:16 - INFO - Flask application is starting
2025-01-26 19:38:16 - WARNING - This is a warning
2025-01-26 19:38:16 - ERROR - An error occurred while processing
2025-01-26 19:38:28 - INFO - Flask application is starting
2025-01-26 19:38:28 - WARNING - This is a warning
2025-01-26 19:38:28 - ERROR - An error occurred while processing
2025-01-26 19:38:28 - INFO - Flask application is starting
2025-01-26 19:38:28 - WARNING - This is a warning
2025-01-26 19:38:28 - ERROR - An error occurred while processing
2025-01-26 19:39:01 - INFO - Flask application is starting
2025-01-26 19:39:01 - WARNING - This is a warning
2025-01-26 19:39:01 - ERROR - An error occurred while processing
2025-01-26 19:39:01 - INFO - Flask application is starting
2025-01-26 19:39:01 - WARNING - This is a warning
2025-01-26 19:39:01 - ERROR - An error occurred while processing
2025-01-26 20:04:35 - INFO - Flask application is starting
2025-01-26 20:04:35 - WARNING - This is a warning
2025-01-26 20:04:35 - ERROR - An error occurred while processing
2025-01-26 20:04:35 - INFO - Flask application is starting
2025-01-26 20:04:35 - WARNING - This is a warning
2025-01-26 20:04:35 - ERROR - An error occurred while processing
2025-01-26 20:05:27 - INFO - Flask application is starting
2025-01-26 20:05:27 - WARNING - This is a warning
2025-01-26 20:05:27 - ERROR - An error occurred while processing
2025-01-26 20:05:27 - INFO - Flask application is starting
2025-01-26 20:05:27 - WARNING - This is a warning
2025-01-26 20:05:27 - ERROR - An error occurred while processing
2025-01-26 20:06:27 - INFO - Flask application is starting
2025-01-26 20:06:27 - WARNING - This is a warning
2025-01-26 20:06:27 - ERROR - An error occurred while processing
2025-01-26 20:06:27 - INFO - Flask application is starting
2025-01-26 20:06:27 - WARNING - This is a warning
2025-01-26 20:06:27 - ERROR - An error occurred while processing
2025-01-26 20:07:33 - INFO - Flask application is starting
2025-01-26 20:07:33 - WARNING - This is a warning
2025-01-26 20:07:33 - ERROR - An error occurred while processing
2025-01-26 20:08:08 - INFO - Flask application is starting
2025-01-26 20:08:08 - WARNING - This is a warning
2025-01-26 20:08:08 - ERROR - An error occurred while processing
2025-01-26 20:08:08 - INFO - Flask application is starting
2025-01-26 20:08:08 - WARNING - This is a warning
2025-01-26 20:08:08 - ERROR - An error occurred while processing
2025-01-26 20:28:28 - INFO - Flask application is starting
2025-01-26 20:28:28 - WARNING - This is a warning
2025-01-26 20:28:28 - ERROR - An error occurred while processing
2025-01-26 20:28:28 - INFO - Flask application is starting
2025-01-26 20:28:28 - WARNING - This is a warning
2025-01-26 20:28:28 - ERROR - An error occurred while processing
2025-01-26 20:30:17 - INFO - Flask application is starting
2025-01-26 20:30:17 - WARNING - This is a warning
2025-01-26 20:30:17 - ERROR - An error occurred while processing
2025-01-26 20:30:17 - INFO - Flask application is starting
2025-01-26 20:30:17 - WARNING - This is a warning
2025-01-26 20:30:17 - ERROR - An error occurred while processing
2025-01-26 20:33:05 - INFO - Flask application is starting
2025-01-26 20:33:05 - WARNING - This is a warning
2025-01-26 20:33:05 - ERROR - An error occurred while processing
2025-01-26 20:33:05 - INFO - Flask application is starting
2025-01-26 20:33:05 - WARNING - This is a warning
2025-01-26 20:33:05 - ERROR - An error occurred while processing
2025-01-26 20:37:21 - INFO - Flask application is starting
2025-01-26 20:37:21 - WARNING - This is a warning
2025-01-26 20:37:21 - ERROR - An error occurred while processing
2025-01-26 20:37:21 - INFO - Flask application is starting
2025-01-26 20:37:21 - WARNING - This is a warning
2025-01-26 20:37:21 - ERROR - An error occurred while processing
2025-01-26 20:38:42 - INFO - Flask application is starting
2025-01-26 20:38:42 - WARNING - This is a warning
2025-01-26 20:38:42 - ERROR - An error occurred while processing
2025-01-26 20:38:42 - INFO - Flask application is starting
2025-01-26 20:38:42 - WARNING - This is a warning
2025-01-26 20:38:42 - ERROR - An error occurred while processing
2025-01-26 20:44:30 - INFO - Flask application is starting
2025-01-26 20:44:30 - WARNING - This is a warning
2025-01-26 20:44:30 - ERROR - An error occurred while processing
2025-01-26 20:45:16 - INFO - Flask application is starting
2025-01-26 20:45:16 - WARNING - This is a warning
2025-01-26 20:45:16 - ERROR - An error occurred while processing
2025-01-26 20:49:04 - INFO - Flask application is starting
2025-01-26 20:49:04 - WARNING - This is a warning
2025-01-26 20:49:04 - ERROR - An error occurred while processing
2025-01-26 20:50:26 - INFO - Flask application is starting
2025-01-26 20:50:26 - WARNING - This is a warning
2025-01-26 20:50:26 - ERROR - An error occurred while processing
2025-01-26 20:50:26 - INFO - Flask application is starting
2025-01-26 20:50:26 - WARNING - This is a warning
2025-01-26 20:50:26 - ERROR - An error occurred while processing
2025-01-26 20:50:26 - INFO - Flask application is starting
2025-01-26 20:50:26 - WARNING - This is a warning
2025-01-26 20:50:26 - ERROR - An error occurred while processing
2025-01-26 20:50:26 - INFO - Starting Flask application
2025-01-26 20:50:26 - INFO - [31m[1mWARNING: This is a development server. Do not use it in a production deployment. Use a production WSGI server instead.[0m
 * Running on http://127.0.0.1:5000
2025-01-26 20:50:26 - INFO - [33mPress CTRL+C to quit[0m
2025-01-26 21:33:17 - INFO - Flask application is starting
2025-01-26 21:33:17 - WARNING - This is a warning
2025-01-26 21:33:17 - ERROR - An error occurred while processing
2025-01-26 21:33:17 - INFO - Flask application is starting
2025-01-26 21:33:17 - WARNING - This is a warning
2025-01-26 21:33:17 - ERROR - An error occurred while processing
2025-01-26 21:33:17 - INFO - Flask application is starting
2025-01-26 21:33:17 - WARNING - This is a warning
2025-01-26 21:33:17 - ERROR - An error occurred while processing
2025-01-26 21:33:17 - INFO - Starting Flask application
2025-01-26 21:33:17 - INFO - [31m[1mWARNING: This is a development server. Do not use it in a production deployment. Use a production WSGI server instead.[0m
 * Running on http://127.0.0.1:5000
2025-01-26 21:33:17 - INFO - [33mPress CTRL+C to quit[0m
2025-01-26 21:35:00 - INFO - 127.0.0.1 - - [26/Jan/2025 21:35:00] "[33mPOST /signup HTTP/1.1[0m" 404 -
2025-01-26 21:35:27 - INFO - 127.0.0.1 - - [26/Jan/2025 21:35:27] "[31m[1mPOST /auth/signup HTTP/1.1[0m" 415 -
2025-01-26 21:35:43 - ERROR - Invalid signup attempt - missing fields
2025-01-26 21:35:43 - INFO - 127.0.0.1 - - [26/Jan/2025 21:35:43] "[31m[1mPOST /auth/signup HTTP/1.1[0m" 400 -
2025-01-26 21:36:11 - INFO - New user john_doe registered successfully
2025-01-26 21:36:11 - INFO - 127.0.0.1 - - [26/Jan/2025 21:36:11] "[35m[1mPOST /auth/signup HTTP/1.1[0m" 201 -
2025-01-26 21:36:54 - INFO - 127.0.0.1 - - [26/Jan/2025 21:36:54] "[35m[1mPOST /auth/login HTTP/1.1[0m" 500 -
2025-01-26 21:36:54 - INFO - 127.0.0.1 - - [26/Jan/2025 21:36:54] "GET /auth/login?__debugger__=yes&cmd=resource&f=style.css HTTP/1.1" 200 -
2025-01-26 21:36:54 - INFO - 127.0.0.1 - - [26/Jan/2025 21:36:54] "GET /auth/login?__debugger__=yes&cmd=resource&f=debugger.js HTTP/1.1" 200 -
2025-01-26 21:36:54 - INFO - 127.0.0.1 - - [26/Jan/2025 21:36:54] "GET /auth/login?__debugger__=yes&cmd=resource&f=console.png&s=rcCaSc6KjDAp4C4XLd9z HTTP/1.1" 200 -
2025-01-26 21:37:09 - INFO - 127.0.0.1 - - [26/Jan/2025 21:37:09] "[35m[1mPOST /auth/login HTTP/1.1[0m" 500 -
2025-01-26 21:37:09 - INFO - 127.0.0.1 - - [26/Jan/2025 21:37:09] "[36mGET /auth/login?__debugger__=yes&cmd=resource&f=style.css HTTP/1.1[0m" 304 -
2025-01-26 21:37:09 - INFO - 127.0.0.1 - - [26/Jan/2025 21:37:09] "[36mGET /auth/login?__debugger__=yes&cmd=resource&f=debugger.js HTTP/1.1[0m" 304 -
2025-01-26 21:37:09 - INFO - 127.0.0.1 - - [26/Jan/2025 21:37:09] "[36mGET /auth/login?__debugger__=yes&cmd=resource&f=console.png&s=rcCaSc6KjDAp4C4XLd9z HTTP/1.1[0m" 304 -
2025-01-26 21:39:57 - INFO - Flask application is starting
2025-01-26 21:39:57 - WARNING - This is a warning
2025-01-26 21:39:57 - ERROR - An error occurred while processing
2025-01-26 21:39:57 - INFO - Flask application is starting
2025-01-26 21:39:57 - WARNING - This is a warning
2025-01-26 21:39:57 - ERROR - An error occurred while processing
2025-01-26 21:39:57 - INFO - Flask application is starting
2025-01-26 21:39:57 - WARNING - This is a warning
2025-01-26 21:39:57 - ERROR - An error occurred while processing
2025-01-26 21:39:57 - INFO - Starting Flask application
2025-01-26 21:39:57 - INFO - [31m[1mWARNING: This is a development server. Do not use it in a production deployment. Use a production WSGI server instead.[0m
 * Running on http://127.0.0.1:5000
2025-01-26 21:39:57 - INFO - [33mPress CTRL+C to quit[0m
2025-01-26 21:47:53 - INFO - Flask application is starting
2025-01-26 21:47:53 - WARNING - This is a warning
2025-01-26 21:47:53 - ERROR - An error occurred while processing
2025-01-26 21:47:53 - INFO - Flask application is starting
2025-01-26 21:47:53 - WARNING - This is a warning
2025-01-26 21:47:53 - ERROR - An error occurred while processing
2025-01-26 21:47:53 - INFO - Flask application is starting
2025-01-26 21:47:53 - WARNING - This is a warning
2025-01-26 21:47:53 - ERROR - An error occurred while processing
2025-01-26 21:47:53 - INFO - Starting Flask application
2025-01-26 21:47:53 - INFO - [31m[1mWARNING: This is a development server. Do not use it in a production deployment. Use a production WSGI server instead.[0m
 * Running on http://127.0.0.1:5000
2025-01-26 21:47:53 - INFO - [33mPress CTRL+C to quit[0m
2025-01-26 21:47:57 - ERROR - Error during login: (pymysql.err.OperationalError) (1054, "Unknown column 'customers.password_hash' in 'field list'")
[SQL: SELECT customers.id AS customers_id, customers.name AS customers_name, customers.city AS customers_city, customers.age AS customers_age, customers.phone_number AS customers_phone_number, customers.birth_date AS customers_birth_date, customers.password_hash AS customers_password_hash, customers.token AS customers_token, customers.active AS customers_active 
FROM customers 
WHERE customers.name = %(name_1)s 
 LIMIT %(param_1)s]
[parameters: {'name_1': 'john_doe', 'param_1': 1}]
(Background on this error at: https://sqlalche.me/e/20/e3q8)
2025-01-26 21:47:57 - INFO - 127.0.0.1 - - [26/Jan/2025 21:47:57] "[35m[1mPOST /auth/login HTTP/1.1[0m" 500 -
2025-01-26 21:47:59 - ERROR - Error during login: (pymysql.err.OperationalError) (1054, "Unknown column 'customers.password_hash' in 'field list'")
[SQL: SELECT customers.id AS customers_id, customers.name AS customers_name, customers.city AS customers_city, customers.age AS customers_age, customers.phone_number AS customers_phone_number, customers.birth_date AS customers_birth_date, customers.password_hash AS customers_password_hash, customers.token AS customers_token, customers.active AS customers_active 
FROM customers 
WHERE customers.name = %(name_1)s 
 LIMIT %(param_1)s]
[parameters: {'name_1': 'john_doe', 'param_1': 1}]
(Background on this error at: https://sqlalche.me/e/20/e3q8)
2025-01-26 21:47:59 - INFO - 127.0.0.1 - - [26/Jan/2025 21:47:59] "[35m[1mPOST /auth/login HTTP/1.1[0m" 500 -
2025-01-26 21:48:14 - ERROR - Invalid signup attempt - missing fields
2025-01-26 21:48:14 - INFO - 127.0.0.1 - - [26/Jan/2025 21:48:14] "[31m[1mPOST /auth/signup HTTP/1.1[0m" 400 -
2025-01-26 21:48:59 - ERROR - Error during signup: (pymysql.err.OperationalError) (1054, "Unknown column 'customers.password_hash' in 'field list'")
[SQL: SELECT customers.id AS customers_id, customers.name AS customers_name, customers.city AS customers_city, customers.age AS customers_age, customers.phone_number AS customers_phone_number, customers.birth_date AS customers_birth_date, customers.password_hash AS customers_password_hash, customers.token AS customers_token, customers.active AS customers_active 
FROM customers 
WHERE customers.name = %(name_1)s 
 LIMIT %(param_1)s]
[parameters: {'name_1': 'john_doer', 'param_1': 1}]
(Background on this error at: https://sqlalche.me/e/20/e3q8)
2025-01-26 21:48:59 - INFO - 127.0.0.1 - - [26/Jan/2025 21:48:59] "[35m[1mPOST /auth/signup HTTP/1.1[0m" 500 -
2025-01-26 21:49:01 - ERROR - Error during signup: (pymysql.err.OperationalError) (1054, "Unknown column 'customers.password_hash' in 'field list'")
[SQL: SELECT customers.id AS customers_id, customers.name AS customers_name, customers.city AS customers_city, customers.age AS customers_age, customers.phone_number AS customers_phone_number, customers.birth_date AS customers_birth_date, customers.password_hash AS customers_password_hash, customers.token AS customers_token, customers.active AS customers_active 
FROM customers 
WHERE customers.name = %(name_1)s 
 LIMIT %(param_1)s]
[parameters: {'name_1': 'john_doer', 'param_1': 1}]
(Background on this error at: https://sqlalche.me/e/20/e3q8)
2025-01-26 21:49:01 - INFO - 127.0.0.1 - - [26/Jan/2025 21:49:01] "[35m[1mPOST /auth/signup HTTP/1.1[0m" 500 -
2025-01-26 21:49:01 - ERROR - Error during signup: (pymysql.err.OperationalError) (1054, "Unknown column 'customers.password_hash' in 'field list'")
[SQL: SELECT customers.id AS customers_id, customers.name AS customers_name, customers.city AS customers_city, customers.age AS customers_age, customers.phone_number AS customers_phone_number, customers.birth_date AS customers_birth_date, customers.password_hash AS customers_password_hash, customers.token AS customers_token, customers.active AS customers_active 
FROM customers 
WHERE customers.name = %(name_1)s 
 LIMIT %(param_1)s]
[parameters: {'name_1': 'john_doer', 'param_1': 1}]
(Background on this error at: https://sqlalche.me/e/20/e3q8)
2025-01-26 21:49:01 - INFO - 127.0.0.1 - - [26/Jan/2025 21:49:01] "[35m[1mPOST /auth/signup HTTP/1.1[0m" 500 -
2025-01-26 21:49:01 - ERROR - Error during signup: (pymysql.err.OperationalError) (1054, "Unknown column 'customers.password_hash' in 'field list'")
[SQL: SELECT customers.id AS customers_id, customers.name AS customers_name, customers.city AS customers_city, customers.age AS customers_age, customers.phone_number AS customers_phone_number, customers.birth_date AS customers_birth_date, customers.password_hash AS customers_password_hash, customers.token AS customers_token, customers.active AS customers_active 
FROM customers 
WHERE customers.name = %(name_1)s 
 LIMIT %(param_1)s]
[parameters: {'name_1': 'john_doer', 'param_1': 1}]
(Background on this error at: https://sqlalche.me/e/20/e3q8)
2025-01-26 21:49:01 - INFO - 127.0.0.1 - - [26/Jan/2025 21:49:01] "[35m[1mPOST /auth/signup HTTP/1.1[0m" 500 -
2025-01-26 21:49:01 - ERROR - Error during signup: (pymysql.err.OperationalError) (1054, "Unknown column 'customers.password_hash' in 'field list'")
[SQL: SELECT customers.id AS customers_id, customers.name AS customers_name, customers.city AS customers_city, customers.age AS customers_age, customers.phone_number AS customers_phone_number, customers.birth_date AS customers_birth_date, customers.password_hash AS customers_password_hash, customers.token AS customers_token, customers.active AS customers_active 
FROM customers 
WHERE customers.name = %(name_1)s 
 LIMIT %(param_1)s]
[parameters: {'name_1': 'john_doer', 'param_1': 1}]
(Background on this error at: https://sqlalche.me/e/20/e3q8)
2025-01-26 21:49:01 - INFO - 127.0.0.1 - - [26/Jan/2025 21:49:01] "[35m[1mPOST /auth/signup HTTP/1.1[0m" 500 -
2025-01-26 21:49:02 - ERROR - Error during signup: (pymysql.err.OperationalError) (1054, "Unknown column 'customers.password_hash' in 'field list'")
[SQL: SELECT customers.id AS customers_id, customers.name AS customers_name, customers.city AS customers_city, customers.age AS customers_age, customers.phone_number AS customers_phone_number, customers.birth_date AS customers_birth_date, customers.password_hash AS customers_password_hash, customers.token AS customers_token, customers.active AS customers_active 
FROM customers 
WHERE customers.name = %(name_1)s 
 LIMIT %(param_1)s]
[parameters: {'name_1': 'john_doer', 'param_1': 1}]
(Background on this error at: https://sqlalche.me/e/20/e3q8)
2025-01-26 21:49:02 - INFO - 127.0.0.1 - - [26/Jan/2025 21:49:02] "[35m[1mPOST /auth/signup HTTP/1.1[0m" 500 -
2025-01-26 21:49:02 - ERROR - Error during signup: (pymysql.err.OperationalError) (1054, "Unknown column 'customers.password_hash' in 'field list'")
[SQL: SELECT customers.id AS customers_id, customers.name AS customers_name, customers.city AS customers_city, customers.age AS customers_age, customers.phone_number AS customers_phone_number, customers.birth_date AS customers_birth_date, customers.password_hash AS customers_password_hash, customers.token AS customers_token, customers.active AS customers_active 
FROM customers 
WHERE customers.name = %(name_1)s 
 LIMIT %(param_1)s]
[parameters: {'name_1': 'john_doer', 'param_1': 1}]
(Background on this error at: https://sqlalche.me/e/20/e3q8)
2025-01-26 21:49:02 - INFO - 127.0.0.1 - - [26/Jan/2025 21:49:02] "[35m[1mPOST /auth/signup HTTP/1.1[0m" 500 -
2025-01-26 22:38:13 - INFO - Flask application is starting
2025-01-26 22:38:13 - WARNING - This is a warning
2025-01-26 22:38:13 - ERROR - An error occurred while processing
2025-01-26 22:38:13 - INFO - Flask application is starting
2025-01-26 22:38:13 - WARNING - This is a warning
2025-01-26 22:38:13 - ERROR - An error occurred while processing
2025-01-26 22:38:13 - INFO - Flask application is starting
2025-01-26 22:38:13 - WARNING - This is a warning
2025-01-26 22:38:13 - ERROR - An error occurred while processing
2025-01-26 22:38:13 - INFO - Starting Flask application
2025-01-26 22:38:13 - INFO - [31m[1mWARNING: This is a development server. Do not use it in a production deployment. Use a production WSGI server instead.[0m
 * Running on http://127.0.0.1:5000
2025-01-26 22:38:13 - INFO - [33mPress CTRL+C to quit[0m
2025-01-26 22:38:15 - INFO - 127.0.0.1 - - [26/Jan/2025 22:38:15] "[35m[1mPOST /auth/signup HTTP/1.1[0m" 500 -
2025-01-26 22:38:15 - INFO - 127.0.0.1 - - [26/Jan/2025 22:38:15] "GET /auth/signup?__debugger__=yes&cmd=resource&f=style.css HTTP/1.1" 200 -
2025-01-26 22:38:15 - INFO - 127.0.0.1 - - [26/Jan/2025 22:38:15] "GET /auth/signup?__debugger__=yes&cmd=resource&f=debugger.js HTTP/1.1" 200 -
2025-01-26 22:38:15 - INFO - 127.0.0.1 - - [26/Jan/2025 22:38:15] "GET /auth/signup?__debugger__=yes&cmd=resource&f=console.png&s=bmeo9HPU5CtEpd1DeBi0 HTTP/1.1" 200 -
2025-01-26 22:56:55 - INFO - Flask application is starting
2025-01-26 22:56:55 - WARNING - This is a warning
2025-01-26 22:56:55 - ERROR - An error occurred while processing
2025-01-26 22:56:55 - INFO - Flask application is starting
2025-01-26 22:56:55 - WARNING - This is a warning
2025-01-26 22:56:55 - ERROR - An error occurred while processing
2025-01-26 22:56:55 - INFO - Flask application is starting
2025-01-26 22:56:55 - WARNING - This is a warning
2025-01-26 22:56:55 - ERROR - An error occurred while processing
2025-01-26 22:56:55 - INFO - Starting Flask application
2025-01-26 22:56:55 - INFO - [31m[1mWARNING: This is a development server. Do not use it in a production deployment. Use a production WSGI server instead.[0m
 * Running on http://127.0.0.1:5000
2025-01-26 22:56:55 - INFO - [33mPress CTRL+C to quit[0m
2025-01-26 22:57:06 - INFO - 127.0.0.1 - - [26/Jan/2025 22:57:06] "[35m[1mPOST /auth/signup HTTP/1.1[0m" 500 -
2025-01-26 22:57:06 - INFO - 127.0.0.1 - - [26/Jan/2025 22:57:06] "[36mGET /auth/signup?__debugger__=yes&cmd=resource&f=style.css HTTP/1.1[0m" 304 -
2025-01-26 22:57:06 - INFO - 127.0.0.1 - - [26/Jan/2025 22:57:06] "[36mGET /auth/signup?__debugger__=yes&cmd=resource&f=debugger.js HTTP/1.1[0m" 304 -
2025-01-26 22:57:06 - INFO - 127.0.0.1 - - [26/Jan/2025 22:57:06] "[36mGET /auth/signup?__debugger__=yes&cmd=resource&f=console.png&s=bmeo9HPU5CtEpd1DeBi0 HTTP/1.1[0m" 304 -
2025-01-26 23:03:11 - INFO - New user john_doer registered successfully
2025-01-26 23:03:11 - INFO - 127.0.0.1 - - [26/Jan/2025 23:03:11] "[35m[1mPOST /auth/signup HTTP/1.1[0m" 201 -
2025-01-26 23:03:49 - ERROR - Error during login: You must initialize a JWTManager with this flask application before using this method
2025-01-26 23:03:49 - INFO - 127.0.0.1 - - [26/Jan/2025 23:03:49] "[35m[1mPOST /auth/login HTTP/1.1[0m" 500 -
2025-01-26 23:05:10 - ERROR - Error during login: You must initialize a JWTManager with this flask application before using this method
2025-01-26 23:05:10 - INFO - 127.0.0.1 - - [26/Jan/2025 23:05:10] "[35m[1mPOST /auth/login HTTP/1.1[0m" 500 -
2025-01-26 23:06:48 - INFO - New user john_der registered successfully
2025-01-26 23:06:48 - INFO - 127.0.0.1 - - [26/Jan/2025 23:06:48] "[35m[1mPOST /auth/signup HTTP/1.1[0m" 201 -
2025-01-26 23:10:15 - INFO - New user john_er registered successfully
2025-01-26 23:10:15 - INFO - 127.0.0.1 - - [26/Jan/2025 23:10:15] "[35m[1mPOST /auth/signup HTTP/1.1[0m" 201 -
2025-01-26 23:12:49 - INFO - 127.0.0.1 - - [26/Jan/2025 23:12:49] "[35m[1mGET /auth/protected HTTP/1.1[0m" 500 -
2025-01-26 23:12:49 - INFO - 127.0.0.1 - - [26/Jan/2025 23:12:49] "GET /auth/protected?__debugger__=yes&cmd=resource&f=debugger.js HTTP/1.1" 200 -
2025-01-26 23:12:49 - INFO - 127.0.0.1 - - [26/Jan/2025 23:12:49] "GET /auth/protected?__debugger__=yes&cmd=resource&f=style.css HTTP/1.1" 200 -
2025-01-26 23:12:49 - INFO - 127.0.0.1 - - [26/Jan/2025 23:12:49] "GET /auth/protected?__debugger__=yes&cmd=resource&f=console.png&s=bmeo9HPU5CtEpd1DeBi0 HTTP/1.1" 200 -
2025-01-26 23:17:37 - INFO - 127.0.0.1 - - [26/Jan/2025 23:17:37] "[31m[1mGET /auth/signup HTTP/1.1[0m" 405 -
2025-01-26 23:17:54 - INFO - 127.0.0.1 - - [26/Jan/2025 23:17:54] "[31m[1mPUT /auth/signup HTTP/1.1[0m" 405 -
2025-01-26 23:18:09 - INFO - 127.0.0.1 - - [26/Jan/2025 23:18:09] "[33mPUT /signup HTTP/1.1[0m" 404 -
2025-01-26 23:18:39 - INFO - 127.0.0.1 - - [26/Jan/2025 23:18:39] "[31m[1mPUT /auth/signup HTTP/1.1[0m" 405 -
2025-01-26 23:19:48 - INFO - New user jony_er registered successfully
2025-01-26 23:19:48 - INFO - 127.0.0.1 - - [26/Jan/2025 23:19:48] "[35m[1mPOST /auth/signup HTTP/1.1[0m" 201 -
2025-01-26 23:22:01 - ERROR - Signup failed - User jony_er already exists
2025-01-26 23:22:01 - INFO - 127.0.0.1 - - [26/Jan/2025 23:22:01] "[31m[1mPOST /auth/signup HTTP/1.1[0m" 409 -
2025-01-26 23:22:23 - INFO - New user jon_er registered successfully
2025-01-26 23:22:23 - INFO - 127.0.0.1 - - [26/Jan/2025 23:22:23] "[35m[1mPOST /auth/signup HTTP/1.1[0m" 201 -
2025-01-26 23:25:57 - INFO - 127.0.0.1 - - [26/Jan/2025 23:25:57] "[35m[1mPOST /auth/signup HTTP/1.1[0m" 500 -
2025-01-26 23:25:57 - INFO - 127.0.0.1 - - [26/Jan/2025 23:25:57] "[36mGET /auth/signup?__debugger__=yes&cmd=resource&f=debugger.js HTTP/1.1[0m" 304 -
2025-01-26 23:25:57 - INFO - 127.0.0.1 - - [26/Jan/2025 23:25:57] "[36mGET /auth/signup?__debugger__=yes&cmd=resource&f=style.css HTTP/1.1[0m" 304 -
2025-01-26 23:25:57 - INFO - 127.0.0.1 - - [26/Jan/2025 23:25:57] "[36mGET /auth/signup?__debugger__=yes&cmd=resource&f=console.png&s=bmeo9HPU5CtEpd1DeBi0 HTTP/1.1[0m" 304 -
2025-01-26 23:26:14 - INFO - New user jon_r registered successfully
2025-01-26 23:26:14 - INFO - 127.0.0.1 - - [26/Jan/2025 23:26:14] "[35m[1mPOST /auth/signup HTTP/1.1[0m" 201 -
2025-01-27 01:51:53 - INFO - Flask application is starting
2025-01-27 01:51:53 - WARNING - This is a warning
2025-01-27 01:51:53 - ERROR - An error occurred while processing
2025-01-27 01:51:53 - INFO - Flask application is starting
2025-01-27 01:51:53 - WARNING - This is a warning
2025-01-27 01:51:53 - ERROR - An error occurred while processing
2025-01-27 01:51:53 - INFO - Flask application is starting
2025-01-27 01:51:53 - WARNING - This is a warning
2025-01-27 01:51:53 - ERROR - An error occurred while processing
2025-01-27 01:51:53 - INFO - Flask application is starting
2025-01-27 01:51:53 - WARNING - This is a warning
2025-01-27 01:51:53 - ERROR - An error occurred while processing
2025-01-27 01:51:53 - INFO - Starting Flask application
2025-01-27 01:51:53 - INFO - [31m[1mWARNING: This is a development server. Do not use it in a production deployment. Use a production WSGI server instead.[0m
 * Running on http://127.0.0.1:5000
2025-01-27 01:51:53 - INFO - [33mPress CTRL+C to quit[0m
2025-01-27 01:52:58 - ERROR - Duplicate token detected, aborting registration.
2025-01-27 01:52:58 - INFO - 127.0.0.1 - - [27/Jan/2025 01:52:58] "[31m[1mPOST /auth/signup HTTP/1.1[0m" 400 -
2025-01-27 01:53:36 - ERROR - Duplicate token detected, aborting registration.
2025-01-27 01:53:36 - INFO - 127.0.0.1 - - [27/Jan/2025 01:53:36] "[31m[1mPOST /auth/signup HTTP/1.1[0m" 400 -
2025-01-27 02:01:43 - ERROR - Duplicate token detected, aborting registration.
2025-01-27 02:01:43 - INFO - 127.0.0.1 - - [27/Jan/2025 02:01:43] "[31m[1mPOST /auth/signup HTTP/1.1[0m" 400 -
2025-01-27 02:01:44 - ERROR - Duplicate token detected, aborting registration.
2025-01-27 02:01:44 - INFO - 127.0.0.1 - - [27/Jan/2025 02:01:44] "[31m[1mPOST /auth/signup HTTP/1.1[0m" 400 -
2025-01-27 02:03:21 - ERROR - Duplicate token detected, aborting registration.
2025-01-27 02:03:21 - INFO - 127.0.0.1 - - [27/Jan/2025 02:03:21] "[31m[1mPOST /auth/signup HTTP/1.1[0m" 400 -
2025-01-27 02:03:22 - ERROR - Duplicate token detected, aborting registration.
2025-01-27 02:03:22 - INFO - 127.0.0.1 - - [27/Jan/2025 02:03:22] "[31m[1mPOST /auth/signup HTTP/1.1[0m" 400 -
2025-01-27 02:03:22 - ERROR - Duplicate token detected, aborting registration.
2025-01-27 02:03:22 - INFO - 127.0.0.1 - - [27/Jan/2025 02:03:22] "[31m[1mPOST /auth/signup HTTP/1.1[0m" 400 -
2025-01-27 02:03:22 - ERROR - Duplicate token detected, aborting registration.
2025-01-27 02:03:22 - INFO - 127.0.0.1 - - [27/Jan/2025 02:03:22] "[31m[1mPOST /auth/signup HTTP/1.1[0m" 400 -
2025-01-27 02:03:22 - ERROR - Duplicate token detected, aborting registration.
2025-01-27 02:03:22 - INFO - 127.0.0.1 - - [27/Jan/2025 02:03:22] "[31m[1mPOST /auth/signup HTTP/1.1[0m" 400 -
2025-01-27 02:03:22 - ERROR - Duplicate token detected, aborting registration.
2025-01-27 02:03:22 - INFO - 127.0.0.1 - - [27/Jan/2025 02:03:22] "[31m[1mPOST /auth/signup HTTP/1.1[0m" 400 -
2025-01-27 02:03:23 - ERROR - Duplicate token detected, aborting registration.
2025-01-27 02:03:23 - INFO - 127.0.0.1 - - [27/Jan/2025 02:03:23] "[31m[1mPOST /auth/signup HTTP/1.1[0m" 400 -
2025-01-27 02:04:29 - ERROR - Duplicate token detected, aborting registration.
2025-01-27 02:04:29 - INFO - 127.0.0.1 - - [27/Jan/2025 02:04:29] "[31m[1mPOST /auth/signup HTTP/1.1[0m" 400 -
2025-01-27 02:05:09 - INFO - [31m[1mWARNING: This is a development server. Do not use it in a production deployment. Use a production WSGI server instead.[0m
 * Running on http://127.0.0.1:5001
2025-01-27 02:05:09 - INFO - [33mPress CTRL+C to quit[0m
2025-01-27 02:05:09 - INFO -  * Restarting with stat
2025-01-27 02:05:10 - INFO - Flask application is starting
2025-01-27 02:05:10 - WARNING - This is a warning
2025-01-27 02:05:10 - ERROR - An error occurred while processing
2025-01-27 02:05:10 - INFO - Flask application is starting
2025-01-27 02:05:10 - WARNING - This is a warning
2025-01-27 02:05:10 - ERROR - An error occurred while processing
2025-01-27 02:05:13 - INFO - Flask application is starting
2025-01-27 02:05:13 - WARNING - This is a warning
2025-01-27 02:05:13 - ERROR - An error occurred while processing
2025-01-27 02:05:13 - INFO - Flask application is starting
2025-01-27 02:05:13 - WARNING - This is a warning
2025-01-27 02:05:13 - ERROR - An error occurred while processing
2025-01-27 02:06:32 - INFO - Flask application is starting
2025-01-27 02:06:32 - WARNING - This is a warning
2025-01-27 02:06:32 - ERROR - An error occurred while processing
2025-01-27 02:06:32 - INFO - Flask application is starting
2025-01-27 02:06:32 - WARNING - This is a warning
2025-01-27 02:06:32 - ERROR - An error occurred while processing
2025-01-27 02:09:30 - INFO - Flask application is starting
2025-01-27 02:09:30 - WARNING - This is a warning
2025-01-27 02:09:30 - ERROR - An error occurred while processing
2025-01-27 02:09:30 - INFO - Flask application is starting
2025-01-27 02:09:30 - WARNING - This is a warning
2025-01-27 02:09:30 - ERROR - An error occurred while processing
2025-01-27 02:10:31 - INFO - Flask application is starting
2025-01-27 02:10:31 - WARNING - This is a warning
2025-01-27 02:10:31 - ERROR - An error occurred while processing
2025-01-27 02:10:31 - INFO - Flask application is starting
2025-01-27 02:10:31 - WARNING - This is a warning
2025-01-27 02:10:31 - ERROR - An error occurred while processing
2025-01-27 02:17:21 - INFO - Flask application is starting
2025-01-27 02:17:21 - WARNING - This is a warning
2025-01-27 02:17:21 - ERROR - An error occurred while processing
2025-01-27 02:17:21 - INFO - Flask application is starting
2025-01-27 02:17:21 - WARNING - This is a warning
2025-01-27 02:17:21 - ERROR - An error occurred while processing
2025-01-27 02:23:49 - INFO - Flask application is starting
2025-01-27 02:23:49 - WARNING - This is a warning
2025-01-27 02:23:49 - ERROR - An error occurred while processing
2025-01-27 02:23:49 - INFO - Flask application is starting
2025-01-27 02:23:49 - WARNING - This is a warning
2025-01-27 02:23:49 - ERROR - An error occurred while processing
2025-01-27 02:23:49 - INFO - Flask application is starting
2025-01-27 02:23:49 - WARNING - This is a warning
2025-01-27 02:23:49 - ERROR - An error occurred while processing
2025-01-27 02:23:49 - INFO - Flask application is starting
2025-01-27 02:23:49 - WARNING - This is a warning
2025-01-27 02:23:49 - ERROR - An error occurred while processing
2025-01-27 02:23:49 - INFO - Starting Flask application
2025-01-27 02:23:49 - INFO - [31m[1mWARNING: This is a development server. Do not use it in a production deployment. Use a production WSGI server instead.[0m
 * Running on http://127.0.0.1:5000
2025-01-27 02:23:49 - INFO - [33mPress CTRL+C to quit[0m
2025-01-27 02:23:52 - INFO - New user jonlenon_r registered successfully
2025-01-27 02:23:52 - INFO - 127.0.0.1 - - [27/Jan/2025 02:23:52] "[35m[1mPOST /auth/signup HTTP/1.1[0m" 201 -
2025-01-27 02:25:02 - INFO - User jonlenon_r had an active session, revoking old token.
2025-01-27 02:25:02 - INFO - User jonlenon_r logged in successfully as customer
2025-01-27 02:25:02 - INFO - 127.0.0.1 - - [27/Jan/2025 02:25:02] "POST /auth/login HTTP/1.1" 200 -
2025-01-27 02:56:27 - INFO - [31m[1mWARNING: This is a development server. Do not use it in a production deployment. Use a production WSGI server instead.[0m
 * Running on http://127.0.0.1:5001
2025-01-27 02:56:27 - INFO - [33mPress CTRL+C to quit[0m
2025-01-27 02:56:27 - INFO -  * Restarting with stat
2025-01-27 02:56:28 - INFO - Flask application is starting
2025-01-27 02:56:28 - WARNING - This is a warning
2025-01-27 02:56:28 - ERROR - An error occurred while processing
2025-01-27 02:56:28 - INFO - Flask application is starting
2025-01-27 02:56:28 - WARNING - This is a warning
2025-01-27 02:56:28 - ERROR - An error occurred while processing
2025-01-27 02:56:28 - INFO - Flask application is starting
2025-01-27 02:56:28 - WARNING - This is a warning
2025-01-27 02:56:28 - ERROR - An error occurred while processing
2025-01-27 02:56:28 - INFO - Flask application is starting
2025-01-27 02:56:28 - WARNING - This is a warning
2025-01-27 02:56:28 - ERROR - An error occurred while processing
2025-01-27 02:56:28 - INFO - Flask application is starting
2025-01-27 02:56:28 - WARNING - This is a warning
2025-01-27 02:56:28 - ERROR - An error occurred while processing
2025-01-27 02:56:28 - INFO - Starting Flask application
2025-01-27 02:56:28 - WARNING -  * Debugger is active!
2025-01-27 02:56:28 - INFO -  * Debugger PIN: 707-399-588
2025-01-27 02:56:31 - WARNING -  * Debugger is active!
2025-01-27 02:56:31 - INFO -  * Debugger PIN: 707-399-588
2025-01-27 02:56:34 - INFO - Flask application is starting
2025-01-27 02:56:34 - WARNING - This is a warning
2025-01-27 02:56:34 - ERROR - An error occurred while processing
2025-01-27 02:56:34 - INFO - Flask application is starting
2025-01-27 02:56:34 - WARNING - This is a warning
2025-01-27 02:56:34 - ERROR - An error occurred while processing
2025-01-27 02:56:34 - INFO - Flask application is starting
2025-01-27 02:56:34 - WARNING - This is a warning
2025-01-27 02:56:34 - ERROR - An error occurred while processing
2025-01-27 02:56:34 - INFO - Flask application is starting
2025-01-27 02:56:34 - WARNING - This is a warning
2025-01-27 02:56:34 - ERROR - An error occurred while processing
2025-01-27 02:56:34 - INFO - Flask application is starting
2025-01-27 02:56:34 - WARNING - This is a warning
2025-01-27 02:56:34 - ERROR - An error occurred while processing
2025-01-27 02:56:34 - INFO - Starting Flask application
2025-01-27 02:56:35 - INFO - [31m[1mWARNING: This is a development server. Do not use it in a production deployment. Use a production WSGI server instead.[0m
 * Running on http://127.0.0.1:5000
2025-01-27 02:56:35 - INFO - [33mPress CTRL+C to quit[0m
2025-01-27 02:57:02 - INFO - 127.0.0.1 - - [27/Jan/2025 02:57:02] "[33mGET /books/available HTTP/1.1[0m" 404 -
2025-01-27 02:58:05 - INFO - 127.0.0.1 - - [27/Jan/2025 02:58:05] "[33mPOST /books HTTP/1.1[0m" 404 -
2025-01-27 02:58:16 - INFO - 127.0.0.1 - - [27/Jan/2025 02:58:16] "[33mPOST /books HTTP/1.1[0m" 404 -
2025-01-27 03:05:11 - INFO - [31m[1mWARNING: This is a development server. Do not use it in a production deployment. Use a production WSGI server instead.[0m
 * Running on http://127.0.0.1:5001
2025-01-27 03:05:11 - INFO - [33mPress CTRL+C to quit[0m
2025-01-27 03:05:11 - INFO -  * Restarting with stat
2025-01-27 03:05:12 - INFO - Flask application is starting
2025-01-27 03:05:12 - WARNING - This is a warning
2025-01-27 03:05:12 - ERROR - An error occurred while processing
2025-01-27 03:05:12 - INFO - Flask application is starting
2025-01-27 03:05:12 - WARNING - This is a warning
2025-01-27 03:05:12 - ERROR - An error occurred while processing
2025-01-27 03:05:12 - INFO - Flask application is starting
2025-01-27 03:05:12 - WARNING - This is a warning
2025-01-27 03:05:12 - ERROR - An error occurred while processing
2025-01-27 03:05:12 - INFO - Flask application is starting
2025-01-27 03:05:12 - WARNING - This is a warning
2025-01-27 03:05:12 - ERROR - An error occurred while processing
2025-01-27 03:05:12 - INFO - Flask application is starting
2025-01-27 03:05:12 - WARNING - This is a warning
2025-01-27 03:05:12 - ERROR - An error occurred while processing
2025-01-27 03:05:12 - INFO - Starting Flask application
2025-01-27 03:05:12 - WARNING -  * Debugger is active!
2025-01-27 03:05:12 - INFO -  * Debugger PIN: 707-399-588
2025-01-27 03:05:18 - INFO - Flask application is starting
2025-01-27 03:05:18 - WARNING - This is a warning
2025-01-27 03:05:18 - ERROR - An error occurred while processing
2025-01-27 03:05:18 - INFO - Flask application is starting
2025-01-27 03:05:18 - WARNING - This is a warning
2025-01-27 03:05:18 - ERROR - An error occurred while processing
2025-01-27 03:05:18 - INFO - Flask application is starting
2025-01-27 03:05:18 - WARNING - This is a warning
2025-01-27 03:05:18 - ERROR - An error occurred while processing
2025-01-27 03:05:18 - INFO - Flask application is starting
2025-01-27 03:05:18 - WARNING - This is a warning
2025-01-27 03:05:18 - ERROR - An error occurred while processing
2025-01-27 03:05:18 - INFO - Flask application is starting
2025-01-27 03:05:18 - WARNING - This is a warning
2025-01-27 03:05:18 - ERROR - An error occurred while processing
2025-01-27 03:05:18 - INFO - Starting Flask application
2025-01-27 03:05:19 - INFO - [31m[1mWARNING: This is a development server. Do not use it in a production deployment. Use a production WSGI server instead.[0m
 * Running on http://127.0.0.1:5000
2025-01-27 03:05:19 - INFO - [33mPress CTRL+C to quit[0m
2025-01-27 03:05:23 - INFO - 127.0.0.1 - - [27/Jan/2025 03:05:23] "[33mPOST /books HTTP/1.1[0m" 404 -
2025-01-27 03:05:24 - INFO - 127.0.0.1 - - [27/Jan/2025 03:05:24] "[33mPOST /books HTTP/1.1[0m" 404 -
2025-01-27 03:07:09 - INFO - 127.0.0.1 - - [27/Jan/2025 03:07:09] "[31m[1mPOST /api/books HTTP/1.1[0m" 401 -
2025-01-27 03:08:19 - INFO - 127.0.0.1 - - [27/Jan/2025 03:08:19] "[31m[1mPOST /api/books HTTP/1.1[0m" 401 -
2025-01-27 03:09:49 - INFO - 127.0.0.1 - - [27/Jan/2025 03:09:49] "[31m[1mPOST /api/books HTTP/1.1[0m" 422 -
2025-01-27 03:12:01 - INFO - 127.0.0.1 - - [27/Jan/2025 03:12:01] "[33mPOST /login HTTP/1.1[0m" 404 -
2025-01-27 03:12:14 - INFO - 127.0.0.1 - - [27/Jan/2025 03:12:14] "[33mPOST /login HTTP/1.1[0m" 404 -
2025-01-27 03:12:37 - INFO - 127.0.0.1 - - [27/Jan/2025 03:12:37] "[33mPOST /login HTTP/1.1[0m" 404 -
2025-01-27 03:14:28 - ERROR - Invalid username or password
2025-01-27 03:14:28 - INFO - 127.0.0.1 - - [27/Jan/2025 03:14:28] "[31m[1mPOST /auth/login HTTP/1.1[0m" 401 -
2025-01-27 03:14:36 - ERROR - Invalid username or password
2025-01-27 03:14:36 - INFO - 127.0.0.1 - - [27/Jan/2025 03:14:36] "[31m[1mPOST /auth/login HTTP/1.1[0m" 401 -
2025-01-27 03:15:30 - ERROR - Invalid username or password
2025-01-27 03:15:30 - INFO - 127.0.0.1 - - [27/Jan/2025 03:15:30] "[31m[1mPOST /auth/login HTTP/1.1[0m" 401 -
2025-01-27 03:16:17 - ERROR - Invalid username or password
2025-01-27 03:16:17 - INFO - 127.0.0.1 - - [27/Jan/2025 03:16:17] "[31m[1mPOST /auth/login HTTP/1.1[0m" 401 -
2025-01-27 03:17:21 - ERROR - Invalid signup attempt - missing fields
2025-01-27 03:17:21 - INFO - 127.0.0.1 - - [27/Jan/2025 03:17:21] "[31m[1mPOST /auth/signup HTTP/1.1[0m" 400 -
2025-01-27 03:18:11 - INFO - New user Ran registered successfully
2025-01-27 03:18:11 - INFO - 127.0.0.1 - - [27/Jan/2025 03:18:11] "[35m[1mPOST /auth/signup HTTP/1.1[0m" 201 -
2025-01-27 03:19:15 - INFO - User Ran had an active session, revoking old token.
2025-01-27 03:19:15 - INFO - User Ran logged in successfully as librarian
2025-01-27 03:19:15 - INFO - 127.0.0.1 - - [27/Jan/2025 03:19:15] "POST /auth/login HTTP/1.1" 200 -
2025-01-27 03:20:02 - INFO - 127.0.0.1 - - [27/Jan/2025 03:20:02] "[33mGET /admin HTTP/1.1[0m" 404 -
2025-01-27 03:20:29 - INFO - 127.0.0.1 - - [27/Jan/2025 03:20:29] "[33mGET /books/post HTTP/1.1[0m" 404 -
2025-01-27 03:20:31 - INFO - 127.0.0.1 - - [27/Jan/2025 03:20:31] "[33mGET /books/post HTTP/1.1[0m" 404 -
2025-01-27 03:20:53 - INFO - 127.0.0.1 - - [27/Jan/2025 03:20:53] "[33mPOST /books HTTP/1.1[0m" 404 -
2025-01-27 03:20:55 - INFO - 127.0.0.1 - - [27/Jan/2025 03:20:55] "[33mPOST /books HTTP/1.1[0m" 404 -
2025-01-27 03:20:55 - INFO - 127.0.0.1 - - [27/Jan/2025 03:20:55] "[33mPOST /books HTTP/1.1[0m" 404 -
2025-01-27 03:20:55 - INFO - 127.0.0.1 - - [27/Jan/2025 03:20:55] "[33mPOST /books HTTP/1.1[0m" 404 -
2025-01-27 03:20:55 - INFO - 127.0.0.1 - - [27/Jan/2025 03:20:55] "[33mPOST /books HTTP/1.1[0m" 404 -
2025-01-27 03:20:57 - INFO - 127.0.0.1 - - [27/Jan/2025 03:20:57] "[33mPOST /books HTTP/1.1[0m" 404 -
2025-01-27 03:21:00 - INFO - 127.0.0.1 - - [27/Jan/2025 03:21:00] "[33mPOST /books HTTP/1.1[0m" 404 -
2025-01-27 03:22:20 - ERROR - Login error: 'password'
2025-01-27 03:22:20 - INFO - 127.0.0.1 - - [27/Jan/2025 03:22:20] "[35m[1mPOST /auth/login HTTP/1.1[0m" 500 -
2025-01-27 03:22:52 - ERROR - Login error: 400 Bad Request: Failed to decode JSON object: Expecting ',' delimiter: line 3 column 24 (char 50)
2025-01-27 03:22:52 - INFO - 127.0.0.1 - - [27/Jan/2025 03:22:52] "[35m[1mPOST /auth/login HTTP/1.1[0m" 500 -
2025-01-27 03:22:52 - ERROR - Login error: 400 Bad Request: Failed to decode JSON object: Expecting ',' delimiter: line 3 column 24 (char 50)
2025-01-27 03:22:52 - INFO - 127.0.0.1 - - [27/Jan/2025 03:22:52] "[35m[1mPOST /auth/login HTTP/1.1[0m" 500 -
2025-01-27 03:23:03 - ERROR - Login error: 400 Bad Request: Failed to decode JSON object: Expecting ',' delimiter: line 3 column 24 (char 50)
2025-01-27 03:23:03 - INFO - 127.0.0.1 - - [27/Jan/2025 03:23:03] "[35m[1mPOST /auth/login HTTP/1.1[0m" 500 -
2025-01-27 03:23:03 - ERROR - Login error: 400 Bad Request: Failed to decode JSON object: Expecting ',' delimiter: line 3 column 24 (char 50)
2025-01-27 03:23:03 - INFO - 127.0.0.1 - - [27/Jan/2025 03:23:03] "[35m[1mPOST /auth/login HTTP/1.1[0m" 500 -
2025-01-27 03:23:55 - ERROR - Login error: 400 Bad Request: Failed to decode JSON object: Expecting ',' delimiter: line 3 column 23 (char 48)
2025-01-27 03:23:55 - INFO - 127.0.0.1 - - [27/Jan/2025 03:23:55] "[35m[1mPOST /auth/login HTTP/1.1[0m" 500 -
2025-01-27 03:24:02 - INFO - User Ran had an active session, revoking old token.
2025-01-27 03:24:02 - INFO - User Ran logged in successfully as librarian
2025-01-27 03:24:02 - INFO - 127.0.0.1 - - [27/Jan/2025 03:24:02] "POST /auth/login HTTP/1.1" 200 -
2025-01-27 03:24:38 - INFO - 127.0.0.1 - - [27/Jan/2025 03:24:38] "[33mPOST /books HTTP/1.1[0m" 404 -
2025-01-27 03:24:52 - INFO - 127.0.0.1 - - [27/Jan/2025 03:24:52] "[33mPOST /books HTTP/1.1[0m" 404 -
2025-01-27 03:25:33 - INFO - 127.0.0.1 - - [27/Jan/2025 03:25:33] "[31m[1mPOST /api/books HTTP/1.1[0m" 422 -
2025-01-27 03:26:43 - INFO - 127.0.0.1 - - [27/Jan/2025 03:26:43] "[31m[1mPOST /api/books HTTP/1.1[0m" 422 -
2025-01-27 03:26:51 - INFO - 127.0.0.1 - - [27/Jan/2025 03:26:51] "[31m[1mPOST /api/books HTTP/1.1[0m" 422 -
2025-01-27 03:27:42 - INFO - 127.0.0.1 - - [27/Jan/2025 03:27:42] "[31m[1mPOST /api/books HTTP/1.1[0m" 422 -
2025-01-27 03:28:58 - INFO - 127.0.0.1 - - [27/Jan/2025 03:28:58] "[31m[1mPOST /api/books HTTP/1.1[0m" 422 -
2025-01-27 03:29:56 - INFO - 127.0.0.1 - - [27/Jan/2025 03:29:56] "[31m[1mPOST /api/books HTTP/1.1[0m" 422 -
2025-01-27 03:32:01 - INFO - 127.0.0.1 - - [27/Jan/2025 03:32:01] "[31m[1mPOST /api/books HTTP/1.1[0m" 422 -
2025-01-27 03:32:02 - INFO - 127.0.0.1 - - [27/Jan/2025 03:32:02] "[31m[1mPOST /api/books HTTP/1.1[0m" 422 -
2025-01-27 03:42:40 - INFO - 127.0.0.1 - - [27/Jan/2025 03:42:40] "[31m[1mPOST /api/books HTTP/1.1[0m" 422 -
2025-01-27 03:47:44 - INFO - 127.0.0.1 - - [27/Jan/2025 03:47:44] "[31m[1mPOST /api/books HTTP/1.1[0m" 422 -
2025-01-27 03:47:45 - INFO - 127.0.0.1 - - [27/Jan/2025 03:47:45] "[31m[1mPOST /api/books HTTP/1.1[0m" 422 -
2025-01-27 03:47:45 - INFO - 127.0.0.1 - - [27/Jan/2025 03:47:45] "[31m[1mPOST /api/books HTTP/1.1[0m" 422 -
2025-01-27 03:48:45 - INFO - Flask application is starting
2025-01-27 03:48:45 - WARNING - This is a warning
2025-01-27 03:48:45 - ERROR - An error occurred while processing
2025-01-27 03:48:45 - INFO - Flask application is starting
2025-01-27 03:48:45 - WARNING - This is a warning
2025-01-27 03:48:45 - ERROR - An error occurred while processing
2025-01-27 03:48:45 - INFO - Flask application is starting
2025-01-27 03:48:45 - WARNING - This is a warning
2025-01-27 03:48:45 - ERROR - An error occurred while processing
2025-01-27 03:48:45 - INFO - Flask application is starting
2025-01-27 03:48:45 - WARNING - This is a warning
2025-01-27 03:48:45 - ERROR - An error occurred while processing
2025-01-27 03:48:45 - INFO - Flask application is starting
2025-01-27 03:48:45 - WARNING - This is a warning
2025-01-27 03:48:45 - ERROR - An error occurred while processing
2025-01-27 03:48:45 - INFO - Starting Flask application
2025-01-27 03:48:45 - INFO - [31m[1mWARNING: This is a development server. Do not use it in a production deployment. Use a production WSGI server instead.[0m
 * Running on http://127.0.0.1:5000
2025-01-27 03:48:45 - INFO - [33mPress CTRL+C to quit[0m
2025-01-27 03:48:50 - INFO - 127.0.0.1 - - [27/Jan/2025 03:48:50] "[31m[1mPOST /api/books HTTP/1.1[0m" 422 -
2025-01-27 03:52:57 - INFO - 127.0.0.1 - - [27/Jan/2025 03:52:57] "[31m[1mGET /api/books HTTP/1.1[0m" 405 -
2025-01-27 03:54:46 - INFO - 127.0.0.1 - - [27/Jan/2025 03:54:46] "[31m[1mGET /api/books HTTP/1.1[0m" 405 -
2025-01-27 03:59:32 - INFO - 127.0.0.1 - - [27/Jan/2025 03:59:32] "[31m[1mPOST /api/books HTTP/1.1[0m" 422 -
2025-01-27 03:59:32 - INFO - 127.0.0.1 - - [27/Jan/2025 03:59:32] "[31m[1mPOST /api/books HTTP/1.1[0m" 422 -
2025-01-27 03:59:32 - INFO - 127.0.0.1 - - [27/Jan/2025 03:59:32] "[31m[1mPOST /api/books HTTP/1.1[0m" 422 -
2025-01-27 03:59:33 - INFO - 127.0.0.1 - - [27/Jan/2025 03:59:33] "[31m[1mPOST /api/books HTTP/1.1[0m" 422 -
2025-01-27 03:59:33 - INFO - 127.0.0.1 - - [27/Jan/2025 03:59:33] "[31m[1mPOST /api/books HTTP/1.1[0m" 422 -
2025-01-27 03:59:33 - INFO - 127.0.0.1 - - [27/Jan/2025 03:59:33] "[31m[1mPOST /api/books HTTP/1.1[0m" 422 -
2025-01-27 03:59:33 - INFO - 127.0.0.1 - - [27/Jan/2025 03:59:33] "[31m[1mPOST /api/books HTTP/1.1[0m" 422 -
2025-01-27 03:59:33 - INFO - 127.0.0.1 - - [27/Jan/2025 03:59:33] "[31m[1mPOST /api/books HTTP/1.1[0m" 422 -
2025-01-27 03:59:33 - INFO - 127.0.0.1 - - [27/Jan/2025 03:59:33] "[31m[1mPOST /api/books HTTP/1.1[0m" 422 -
2025-01-27 04:01:05 - INFO - 127.0.0.1 - - [27/Jan/2025 04:01:05] "[31m[1mPOST /api/books HTTP/1.1[0m" 422 -
2025-01-27 04:04:07 - INFO - 127.0.0.1 - - [27/Jan/2025 04:04:07] "[31m[1mPOST /api/books HTTP/1.1[0m" 422 -
2025-01-27 04:06:32 - INFO - Flask application is starting
2025-01-27 04:06:32 - WARNING - This is a warning
2025-01-27 04:06:32 - ERROR - An error occurred while processing
2025-01-27 04:06:32 - INFO - Flask application is starting
2025-01-27 04:06:32 - WARNING - This is a warning
2025-01-27 04:06:32 - ERROR - An error occurred while processing
2025-01-27 04:06:49 - INFO - Flask application is starting
2025-01-27 04:06:49 - WARNING - This is a warning
2025-01-27 04:06:49 - ERROR - An error occurred while processing
2025-01-27 04:06:49 - INFO - Flask application is starting
2025-01-27 04:06:49 - WARNING - This is a warning
2025-01-27 04:06:49 - ERROR - An error occurred while processing
2025-01-27 04:06:49 - INFO - Flask application is starting
2025-01-27 04:06:49 - WARNING - This is a warning
2025-01-27 04:06:49 - ERROR - An error occurred while processing
2025-01-27 04:06:49 - INFO - Flask application is starting
2025-01-27 04:06:49 - WARNING - This is a warning
2025-01-27 04:06:49 - ERROR - An error occurred while processing
2025-01-27 04:06:49 - INFO - Flask application is starting
2025-01-27 04:06:49 - WARNING - This is a warning
2025-01-27 04:06:49 - ERROR - An error occurred while processing
2025-01-27 04:06:49 - INFO - Starting Flask application
2025-01-27 04:06:49 - INFO - [31m[1mWARNING: This is a development server. Do not use it in a production deployment. Use a production WSGI server instead.[0m
 * Running on http://127.0.0.1:5000
2025-01-27 04:06:49 - INFO - [33mPress CTRL+C to quit[0m
2025-01-27 04:06:52 - INFO - 127.0.0.1 - - [27/Jan/2025 04:06:52] "[31m[1mPOST /api/books HTTP/1.1[0m" 422 -
2025-01-27 04:06:53 - INFO - 127.0.0.1 - - [27/Jan/2025 04:06:53] "[31m[1mPOST /api/books HTTP/1.1[0m" 422 -
2025-01-27 04:06:53 - INFO - 127.0.0.1 - - [27/Jan/2025 04:06:53] "[31m[1mPOST /api/books HTTP/1.1[0m" 422 -
2025-01-27 04:06:53 - INFO - 127.0.0.1 - - [27/Jan/2025 04:06:53] "[31m[1mPOST /api/books HTTP/1.1[0m" 422 -
2025-01-27 04:06:53 - INFO - 127.0.0.1 - - [27/Jan/2025 04:06:53] "[31m[1mPOST /api/books HTTP/1.1[0m" 422 -
2025-01-27 04:06:53 - INFO - 127.0.0.1 - - [27/Jan/2025 04:06:53] "[31m[1mPOST /api/books HTTP/1.1[0m" 422 -
2025-01-27 09:46:52 - INFO - Flask application is starting
2025-01-27 09:46:52 - WARNING - This is a warning
2025-01-27 09:46:52 - ERROR - An error occurred while processing
2025-01-27 09:46:52 - INFO - Flask application is starting
2025-01-27 09:46:52 - WARNING - This is a warning
2025-01-27 09:46:52 - ERROR - An error occurred while processing
2025-01-27 09:46:52 - INFO - Flask application is starting
2025-01-27 09:46:52 - WARNING - This is a warning
2025-01-27 09:46:52 - ERROR - An error occurred while processing
2025-01-27 09:46:52 - INFO - Flask application is starting
2025-01-27 09:46:52 - WARNING - This is a warning
2025-01-27 09:46:52 - ERROR - An error occurred while processing
2025-01-27 09:46:52 - INFO - Flask application is starting
2025-01-27 09:46:52 - WARNING - This is a warning
2025-01-27 09:46:52 - ERROR - An error occurred while processing
2025-01-27 09:46:52 - INFO - Starting Flask application
2025-01-27 09:46:52 - INFO - [31m[1mWARNING: This is a development server. Do not use it in a production deployment. Use a production WSGI server instead.[0m
 * Running on http://127.0.0.1:5000
2025-01-27 09:46:52 - INFO - [33mPress CTRL+C to quit[0m
2025-01-27 09:47:13 - INFO - User Ran had an active session, revoking old token.
2025-01-27 09:47:13 - INFO - User Ran logged in successfully as librarian
2025-01-27 09:47:13 - INFO - 127.0.0.1 - - [27/Jan/2025 09:47:13] "POST /auth/login HTTP/1.1" 200 -
2025-01-27 09:47:46 - INFO - 127.0.0.1 - - [27/Jan/2025 09:47:46] "[33mPOST /books HTTP/1.1[0m" 404 -
2025-01-27 09:48:25 - INFO - 127.0.0.1 - - [27/Jan/2025 09:48:25] "[33mPOST /books HTTP/1.1[0m" 404 -
2025-01-27 09:48:34 - INFO - 127.0.0.1 - - [27/Jan/2025 09:48:34] "[33mPOST /books HTTP/1.1[0m" 404 -
2025-01-27 09:52:42 - INFO - 127.0.0.1 - - [27/Jan/2025 09:52:42] "[33mPOST /books HTTP/1.1[0m" 404 -
2025-01-27 09:53:17 - INFO - 127.0.0.1 - - [27/Jan/2025 09:53:17] "[31m[1mPOST /api/books HTTP/1.1[0m" 422 -
2025-01-27 09:53:43 - INFO - 127.0.0.1 - - [27/Jan/2025 09:53:43] "[31m[1mGET /api/books HTTP/1.1[0m" 401 -
2025-01-27 09:55:40 - INFO - 127.0.0.1 - - [27/Jan/2025 09:55:40] "[31m[1mPOST /api/books HTTP/1.1[0m" 422 -
2025-01-27 09:56:19 - INFO - 127.0.0.1 - - [27/Jan/2025 09:56:19] "[31m[1mPOST /api/books HTTP/1.1[0m" 422 -
2025-01-27 09:56:26 - INFO - 127.0.0.1 - - [27/Jan/2025 09:56:26] "[31m[1mPOST /api/books HTTP/1.1[0m" 422 -
2025-01-27 09:57:02 - INFO - 127.0.0.1 - - [27/Jan/2025 09:57:02] "[31m[1mPOST /api/books HTTP/1.1[0m" 422 -
2025-01-27 09:57:29 - INFO - 127.0.0.1 - - [27/Jan/2025 09:57:29] "[31m[1mPOST /api/books HTTP/1.1[0m" 422 -
2025-01-27 10:58:18 - INFO - Flask application is starting
2025-01-27 10:58:18 - WARNING - This is a warning
2025-01-27 10:58:18 - ERROR - An error occurred while processing
2025-01-27 10:58:18 - INFO - Flask application is starting
2025-01-27 10:58:18 - WARNING - This is a warning
2025-01-27 10:58:18 - ERROR - An error occurred while processing
2025-01-27 10:58:18 - INFO - Flask application is starting
2025-01-27 10:58:18 - WARNING - This is a warning
2025-01-27 10:58:18 - ERROR - An error occurred while processing
2025-01-27 10:58:18 - INFO - Flask application is starting
2025-01-27 10:58:18 - WARNING - This is a warning
2025-01-27 10:58:18 - ERROR - An error occurred while processing
2025-01-27 10:58:18 - INFO - Flask application is starting
2025-01-27 10:58:18 - WARNING - This is a warning
2025-01-27 10:58:18 - ERROR - An error occurred while processing
2025-01-27 10:58:19 - INFO - Starting Flask application
2025-01-27 10:58:19 - INFO - [31m[1mWARNING: This is a development server. Do not use it in a production deployment. Use a production WSGI server instead.[0m
 * Running on http://127.0.0.1:5000
2025-01-27 10:58:19 - INFO - [33mPress CTRL+C to quit[0m
2025-01-27 10:58:23 - INFO - 127.0.0.1 - - [27/Jan/2025 10:58:23] "[31m[1mPOST /api/books HTTP/1.1[0m" 422 -
